# MK8D boot reference trace from zuyu/yuzu
# Window: first ~5s of startup
# Purpose: compact baseline for comparing ruzu against upstream behavior
#
# Source logs:
# - traces/zuyu_full_5s_trace.log
#   Contains timestamps, SVC_IN/SVC_OUT, scheduler transitions, IPC calls.
# - traces/zuyu_mk8d_svc_trace.txt
#   Contains denser SVC decoding, TLS request/response dumps, CreateThread/StartThread markers.
#
# Selection policy:
# - keep representative boot scheduler transitions
# - keep representative SVC IN/OUT pairs
# - keep all high-signal thread bootstrap markers around CreateThread/StartThread
# - keep the worker-thread entry pattern at PC=0x01D31B18
#
# Notes:
# - This is a derived reference file, not the canonical raw capture.
# - For full-detail comparison, fall back to the two source traces above.

== Initial scheduler and first SVCs ==
[  0.000085] SCHED core=3 from_tid=14 to_tid=26
[  0.000290] SCHED core=0 from_tid=8 to_tid=75
[  0.000345] SCHED core=3 from_tid=26 to_tid=23
[  0.000349] SCHED core=3 from_tid=23 to_tid=14
[  0.022958] SVC_IN  imm=0x06 core=0 tid=75 args=[0x2499fb0,0x2499fac,0x200000,0x51d4,0x200000,0x2499fac,0x200000,0x204078]
[  0.022969] SVC_OUT imm=0x06 args=[0x0,0x0,0x200000,0x51d4,0x200000,0x2499fac,0x200000,0x204078]
[  0.124013] SVC_IN  imm=0x29 core=0 tid=75 args=[0x2,0xb,0x0,0x0,0x22ce80c,0x2499f70,0x0,0x0]
[  0.124019] SVC_OUT imm=0x29 args=[0x0,0x74d8e2a5,0xae7a975d,0x0,0x22ce80c,0x2499f70,0x0,0x0]
[  0.128008] SVC_IN  imm=0x1d core=0 tid=75 args=[0x22c17a4,0xffffffff,0x81ff,0x0,0x81ff,0x22de394,0x0,0x0]
[  0.128011] SVC_OUT imm=0x1d args=[0x22c17a4,0xffffffff,0x81ff,0x0,0x81ff,0x22de394,0x0,0x0]
[  0.129312] SVC_IN  imm=0x21 core=0 tid=75 args=[0x101fe,0x2395200,0x100,0x101fe,0x2499f16,0x2395200,0x101fe,0x2395210]
[  0.129321] SCHED core=0 from_tid=75 to_tid=8
[  0.129413] SCHED core=0 from_tid=8 to_tid=75
[  0.129419] SVC_OUT imm=0x21 args=[0x0,0x2395200,0x100,0x101fe,0x2499f16,0x2395200,0x101fe,0x2395210]

== Representative IPC/TLS activity ==
SVC[0036] #0x21 (SendSyncRequest) IN  args=[0x101fe,0x2395200,0x100,0x101fe,0x2499f16,0x2395200,0x101fe,0x2395210]
  TLS_REQ [0x2395200]: 00000005 00000008 00000000 00000000  49434653 00000000 00000003 00000000  00000000 00000000 00000000 00000000  00000000 00000000 00000000 00000000
  TLS_RSP [0x2395200]: 00000000 0000000c 00000000 00000000  4f434653 00000000 00000000 00000000  00008000 00000000 00000000 00000000  00000000 00000000 00000000 00000000
SVC[0037] #0x21 (SendSyncRequest) OUT args=[0x0,0x2395200,0x100,0x101fe,0x2395200,0x0,0x22ceb2c,0x0]
SVC[0048] #0x21 (SendSyncRequest) IN  args=[0x301fb,0x2395200,0x100,0x301fb,0x22b4b08,0x2395200,0x1,0x0]
  TLS_REQ [0x2395200]: 00000004 8000000e 00000003 00000000  4f434653 ffff8001 00000000 00000000  00180001 00000001 00000000 00000000  49434653 00000000 00000000 00000000
SVC[0048] #0x21 (SendSyncRequest) OUT args=[0x0,0x2395200,0x100,0x301fb,0x22b4b08,0x2395200,0x1,0x0]

== First worker thread bootstrap at PC=0x01D31B18 ==
# Source: traces/zuyu_full_5s_trace.log around line 2912
[  0.405666] SVC_IN  imm=0x08 core=0 tid=75 args=[0x23,0x1d31b18,0x5528b010,0x31520ff0,0xfffffffe,0xfffffffe,0x31520ff0,0x0]
[  0.405688] SVC_OUT imm=0x08 args=[0x0,0xd81e7,0x5528b010,0x31520ff0,0xfffffffe,0xfffffffe,0x31520ff0,0x0]
[  0.406821] SVC_IN  imm=0x09 core=0 tid=75 args=[0xd81e7,0x5528b010,0x2,0x0,0x5528b010,0x22ce848,0x5528b0fc,0x0]
[  0.406827] SVC_OUT imm=0x09 args=[0x0,0x5528b010,0x2,0x0,0x5528b010,0x22ce848,0x5528b0fc,0x0]
[  0.406835] SCHED core=1 from_tid=10 to_tid=78
[  0.406869] SVC_IN  imm=0x1d core=0 tid=75 args=[0x5528b100,0x1,0x2,0x0,0x5528b010,0x22ce848,0x5528b0fc,0x0]
[  0.406874] SVC_OUT imm=0x1d args=[0x5528b100,0x1,0x2,0x0,0x5528b010,0x22ce848,0x5528b0fc,0x0]
[  0.406908] SVC_IN  imm=0x25 core=0 tid=75 args=[0x2499e28,0xd81e7,0x81ff,0x0,0x552880a0,0x55288144,0x552880a0,0x0]
[  0.406909] SVC_OUT imm=0x25 args=[0x0,0x4e,0x0,0x0,0x552880a0,0x55288144,0x552880a0,0x0]
[  0.407403] SVC_IN  imm=0x10 core=1 tid=78 args=[0x22ce848,0x1,0x1,0x0,0x552880a0,0x0,0x5528b100,0x0]
[  0.407405] SVC_OUT imm=0x10 args=[0x1,0x1,0x1,0x0,0x552880a0,0x0,0x5528b100,0x0]

== Second worker bootstrap at PC=0x01D31B18 ==
# Source: traces/zuyu_full_5s_trace.log around line 2939
[  0.409425] SVC_IN  imm=0x08 core=0 tid=75 args=[0x2d,0x1d31b18,0x552ac010,0x32838ff0,0xfffffffe,0xfffffffe,0x32838ff0,0x0]
[  0.409480] SVC_OUT imm=0x08 args=[0x0,0xe01e6,0x552ac010,0x32838ff0,0xfffffffe,0xfffffffe,0x32838ff0,0x0]
[  0.409504] SVC_IN  imm=0x09 core=0 tid=75 args=[0xe01e6,0x552ac010,0xea9cdc,0x0,0x552ac010,0x22ce848,0x552ac0fc,0x7fffffff]
[  0.409507] SVC_OUT imm=0x09 args=[0x0,0x552ac010,0xea9cdc,0x0,0x552ac010,0x22ce848,0x552ac0fc,0x7fffffff]
[  0.409508] SVC_IN  imm=0x1d core=0 tid=75 args=[0x552ac100,0x1,0xea9cdc,0x0,0x552ac010,0x22ce848,0x552ac0fc,0x7fffffff]
[  0.409511] SVC_OUT imm=0x1d args=[0x552ac100,0x1,0xea9cdc,0x0,0x552ac010,0x22ce848,0x552ac0fc,0x7fffffff]
[  0.413755] SVC_IN  imm=0x0b core=0 tid=75 args=[0x989680,0x0,0x0,0x0,0x523ee038,0x2ee00,0x0,0xf02c7c]

== More worker creation at the same entry point ==
# These come from traces/zuyu_mk8d_svc_trace.txt.
SVC[1399] #0x08 (CreateThread) IN  args=[0x2e,0x1d31b18,0x77dd1010,0x2da50ff0,0xfffffffe,0xfffffffe,0x2da50ff0,0x0]
SVC[1399] #0x08 (CreateThread) OUT args=[0x0,0x1a01cf,0x77dd1010,0x2da50ff0,0xfffffffe,0xfffffffe,0x2da50ff0,0x0]
SVC[1409] #0x09 (StartThread) IN  args=[0x1a01cf,0x77dd1010,0x2,0x0,0x77dd1010,0x22ce848,0x77dd10fc,0x0]
SVC[1409] #0x09 (StartThread) OUT args=[0x0,0x77dd1010,0x2,0x0,0x77dd1010,0x22ce848,0x77dd10fc,0x0]
SVC[1525] #0x08 (CreateThread) IN  args=[0x2b,0x1d31b18,0x7fd32010,0x3b605ff0,0xfffffffe,0xfffffffe,0x3b605ff0,0x0]
SVC[1538] #0x09 (StartThread) IN  args=[0x1c81ca,0x7ffa9010,0x1,0x0,0x7ffa9010,0x22ce848,0x7ffa90fc,0x0]
SVC[1567] #0x09 (StartThread) IN  args=[0x1d81c8,0x808f3010,0x2,0x0,0x808f3010,0x22ce848,0x808f30fc,0x0]
SVC[1772] #0x09 (StartThread) IN  args=[0x2881bf,0x814ea010,0x2,0x0,0x814ea010,0x22ce848,0x814ea0fc,0x814e0f18]
SVC[35982] #0x08 (CreateThread) IN  args=[0x2c,0x1d31b18,0x4425b000,0x1605cff0,0xfffffffe,0xfffffffe,0x1605cff0,0x0]

== Canonical bootstrap timeline around 0x01D31B18 ==
# This is the most useful comparison window for the current scheduler/thread bug hunt.
# It captures: CreateThread -> StartThread -> SignalProcessWideKey -> GetThreadId -> first run on target core.
#
# Window A: first worker, expected handoff to core 1
[  0.405666] SVC_IN  imm=0x08 core=0 tid=75 args=[0x23,0x1d31b18,0x5528b010,0x31520ff0,0xfffffffe,0xfffffffe,0x31520ff0,0x0]
[  0.405688] SVC_OUT imm=0x08 args=[0x0,0xd81e7,0x5528b010,0x31520ff0,0xfffffffe,0xfffffffe,0x31520ff0,0x0]
[  0.406821] SVC_IN  imm=0x09 core=0 tid=75 args=[0xd81e7,0x5528b010,0x2,0x0,0x5528b010,0x22ce848,0x5528b0fc,0x0]
[  0.406827] SVC_OUT imm=0x09 args=[0x0,0x5528b010,0x2,0x0,0x5528b010,0x22ce848,0x5528b0fc,0x0]
[  0.406835] SCHED core=1 from_tid=10 to_tid=78
[  0.406869] SVC_IN  imm=0x1d core=0 tid=75 args=[0x5528b100,0x1,0x2,0x0,0x5528b010,0x22ce848,0x5528b0fc,0x0]
[  0.406874] SVC_OUT imm=0x1d args=[0x5528b100,0x1,0x2,0x0,0x5528b010,0x22ce848,0x5528b0fc,0x0]
[  0.406908] SVC_IN  imm=0x25 core=0 tid=75 args=[0x2499e28,0xd81e7,0x81ff,0x0,0x552880a0,0x55288144,0x552880a0,0x0]
[  0.406909] SVC_OUT imm=0x25 args=[0x0,0x4e,0x0,0x0,0x552880a0,0x55288144,0x552880a0,0x0]
[  0.407403] SVC_IN  imm=0x10 core=1 tid=78 args=[0x22ce848,0x1,0x1,0x0,0x552880a0,0x0,0x5528b100,0x0]
[  0.407405] SVC_OUT imm=0x10 args=[0x1,0x1,0x1,0x0,0x552880a0,0x0,0x5528b100,0x0]
#
# Window B: second worker, followed by main-thread sleep
[  0.409425] SVC_IN  imm=0x08 core=0 tid=75 args=[0x2d,0x1d31b18,0x552ac010,0x32838ff0,0xfffffffe,0xfffffffe,0x32838ff0,0x0]
[  0.409480] SVC_OUT imm=0x08 args=[0x0,0xe01e6,0x552ac010,0x32838ff0,0xfffffffe,0xfffffffe,0x32838ff0,0x0]
[  0.409504] SVC_IN  imm=0x09 core=0 tid=75 args=[0xe01e6,0x552ac010,0xea9cdc,0x0,0x552ac010,0x22ce848,0x552ac0fc,0x7fffffff]
[  0.409507] SVC_OUT imm=0x09 args=[0x0,0x552ac010,0xea9cdc,0x0,0x552ac010,0x22ce848,0x552ac0fc,0x7fffffff]
[  0.409508] SVC_IN  imm=0x1d core=0 tid=75 args=[0x552ac100,0x1,0xea9cdc,0x0,0x552ac010,0x22ce848,0x552ac0fc,0x7fffffff]
[  0.409511] SVC_OUT imm=0x1d args=[0x552ac100,0x1,0xea9cdc,0x0,0x552ac010,0x22ce848,0x552ac0fc,0x7fffffff]
[  0.409512] SVC_IN  imm=0x25 core=0 tid=75 args=[0x2499e58,0xe01e6,0x81ff,0x0,0x5528b680,0x5528b5d0,0x5528b680,0x7fffffff]
[  0.409512] SVC_OUT imm=0x25 args=[0x0,0x4f,0x0,0x0,0x5528b680,0x5528b5d0,0x5528b680,0x7fffffff]
[  0.413755] SVC_IN  imm=0x0b core=0 tid=75 args=[0x989680,0x0,0x0,0x0,0x523ee038,0x2ee00,0x0,0xf02c7c]
#
# Window C: later recurring worker pattern still at the same PC
[  0.443329] SVC_IN  imm=0x08 core=0 tid=75 args=[0x2c,0x1d31b18,0x553be010,0x2fca6ff0,0xfffffffe,0xfffffffe,0x2fca6ff0,0x0]
[  0.443340] SVC_OUT imm=0x08 args=[0x0,0x1081e1,0x553be010,0x2fca6ff0,0xfffffffe,0xfffffffe,0x2fca6ff0,0x0]
[  0.443608] SVC_IN  imm=0x1d core=0 tid=75 args=[0x552bd658,0xffffffff,0x552ada3c,0x552ada3c,0x552bd650,0x552bd654,0x552bd651,0x0]
[  0.443613] SVC_OUT imm=0x1d args=[0x552bd658,0xffffffff,0x552ada3c,0x552ada3c,0x552bd650,0x552bd654,0x552bd651,0x0]
[  2.491106] SVC_IN  imm=0x08 core=0 tid=75 args=[0x34,0x1d31b18,0x85d35010,0x3458aff0,0xfffffffe,0xfffffffe,0x3458aff0,0x0]
[  2.491120] SVC_OUT imm=0x08 args=[0x0,0x2b01ba,0x85d35010,0x3458aff0,0xfffffffe,0xfffffffe,0x3458aff0,0x0]
[  2.492105] SVC_IN  imm=0x09 core=0 tid=75 args=[0x2b01ba,0x85d35010,0x81ff,0x0,0x85d35010,0x22ce848,0x85d350fc,0x85d35500]
[  2.492108] SVC_OUT imm=0x09 args=[0x0,0x85d35010,0x81ff,0x0,0x85d35010,0x22ce848,0x85d350fc,0x85d35500]
[  2.492210] SCHED core=1 from_tid=10 to_tid=104

== Representative worker-side sleeps and condvar activity ==
[  2.352887] SCHED core=1 from_tid=10 to_tid=104
[  2.352919] SVC_IN  imm=0x21 core=1 tid=104 args=[0x2281c1,0x24a8600,0x100,0x2281c1,0x8467e48,0x24a8600,0x8467f08,0x24a8630]
[  2.370441] SCHED core=1 from_tid=10 to_tid=97
[  2.370446] SVC_OUT imm=0x0b args=[0xf42400,0x0,0x0,0x0,0x7800dfd4,0x7800dff0,0x7802f100,0x0]
[  2.370451] SVC_IN  imm=0x0b core=1 tid=97 args=[0xf42400,0x0,0x0,0x0,0x7800dfd4,0x7800dff0,0x7802f100,0x0]
[  2.531694] SCHED core=1 from_tid=10 to_tid=95
[  2.531699] SVC_OUT imm=0x0b args=[0x4c4b40,0x0,0x0,0x0,0x6a1a58c0,0x6a1a58dc,0x6a1f6100,0x0]
[  2.531717] SVC_IN  imm=0x0b core=1 tid=95 args=[0x4c4b40,0x0,0x0,0x0,0x6a1a58c0,0x6a1a58dc,0x6a1f6100,0x0]

== What to compare against in ruzu ==
- Same early SCHED cadence around tid=75 and idle-thread hops.
- Same SVC imm=0x08/0x09 pairs for worker creation/start.
- Same worker entry point PC=0x01D31B18 recurring during bootstrap.
- Same first scheduling handoff to core=1 after worker start.
- Same presence of SleepThread (imm=0x0b) on worker threads after bootstrap.
